#! /c/Source/iverilog-install/bin/vvp
:ivl_version "12.0 (devel)" "(s20150603-1110-g18392a46)";
:ivl_delay_selection "TYPICAL";
:vpi_time_precision + 0;
:vpi_module "C:\iverilog\lib\ivl\system.vpi";
:vpi_module "C:\iverilog\lib\ivl\vhdl_sys.vpi";
:vpi_module "C:\iverilog\lib\ivl\vhdl_textio.vpi";
:vpi_module "C:\iverilog\lib\ivl\v2005_math.vpi";
:vpi_module "C:\iverilog\lib\ivl\va_math.vpi";
S_000001f92e2ce300 .scope module, "tb_alu" "tb_alu" 2 1;
 .timescale 0 0;
v000001f92e2ce6c0_0 .var "a", 31 0;
v000001f92e2cbd30_0 .var "b", 31 0;
v000001f92e2cbdd0_0 .var "op", 3 0;
v000001f92e2cbe70_0 .net "x", 31 0, v000001f92e2ce620_0;  1 drivers
S_000001f92e2ce490 .scope module, "uut" "alu" 2 12, 3 1 0, S_000001f92e2ce300;
 .timescale 0 0;
    .port_info 0 /INPUT 32 "a";
    .port_info 1 /INPUT 32 "b";
    .port_info 2 /INPUT 4 "op";
    .port_info 3 /OUTPUT 32 "x";
v000001f92e2c6c20_0 .net "a", 31 0, v000001f92e2ce6c0_0;  1 drivers
v000001f92e2c6e60_0 .net "b", 31 0, v000001f92e2cbd30_0;  1 drivers
v000001f92e2c6800_0 .net "op", 3 0, v000001f92e2cbdd0_0;  1 drivers
v000001f92e2ce620_0 .var "x", 31 0;
E_000001f92e2c9e10 .event anyedge, v000001f92e2c6800_0, v000001f92e2c6e60_0, v000001f92e2c6c20_0;
    .scope S_000001f92e2ce490;
T_0 ;
    %wait E_000001f92e2c9e10;
    %load/vec4 v000001f92e2c6800_0;
    %dup/vec4;
    %pushi/vec4 0, 0, 4;
    %cmp/u;
    %jmp/1 T_0.0, 6;
    %dup/vec4;
    %pushi/vec4 8, 0, 4;
    %cmp/u;
    %jmp/1 T_0.1, 6;
    %dup/vec4;
    %pushi/vec4 1, 0, 4;
    %cmp/u;
    %jmp/1 T_0.2, 6;
    %dup/vec4;
    %pushi/vec4 5, 0, 4;
    %cmp/u;
    %jmp/1 T_0.3, 6;
    %dup/vec4;
    %pushi/vec4 9, 0, 4;
    %cmp/u;
    %jmp/1 T_0.4, 6;
    %dup/vec4;
    %pushi/vec4 2, 0, 4;
    %cmp/u;
    %jmp/1 T_0.5, 6;
    %dup/vec4;
    %pushi/vec4 3, 0, 4;
    %cmp/u;
    %jmp/1 T_0.6, 6;
    %dup/vec4;
    %pushi/vec4 7, 0, 4;
    %cmp/u;
    %jmp/1 T_0.7, 6;
    %dup/vec4;
    %pushi/vec4 6, 0, 4;
    %cmp/u;
    %jmp/1 T_0.8, 6;
    %dup/vec4;
    %pushi/vec4 4, 0, 4;
    %cmp/u;
    %jmp/1 T_0.9, 6;
    %pushi/vec4 0, 0, 32;
    %assign/vec4 v000001f92e2ce620_0, 0;
    %jmp T_0.11;
T_0.0 ;
    %load/vec4 v000001f92e2c6c20_0;
    %load/vec4 v000001f92e2c6e60_0;
    %add;
    %assign/vec4 v000001f92e2ce620_0, 0;
    %jmp T_0.11;
T_0.1 ;
    %load/vec4 v000001f92e2c6c20_0;
    %load/vec4 v000001f92e2c6e60_0;
    %sub;
    %assign/vec4 v000001f92e2ce620_0, 0;
    %jmp T_0.11;
T_0.2 ;
    %load/vec4 v000001f92e2c6c20_0;
    %ix/getv 4, v000001f92e2c6e60_0;
    %shiftl 4;
    %assign/vec4 v000001f92e2ce620_0, 0;
    %jmp T_0.11;
T_0.3 ;
    %load/vec4 v000001f92e2c6c20_0;
    %ix/getv 4, v000001f92e2c6e60_0;
    %shiftr 4;
    %assign/vec4 v000001f92e2ce620_0, 0;
    %jmp T_0.11;
T_0.4 ;
    %load/vec4 v000001f92e2c6c20_0;
    %ix/getv 4, v000001f92e2c6e60_0;
    %shiftr 4;
    %assign/vec4 v000001f92e2ce620_0, 0;
    %jmp T_0.11;
T_0.5 ;
    %load/vec4 v000001f92e2c6c20_0;
    %load/vec4 v000001f92e2c6e60_0;
    %cmp/s;
    %flag_get/vec4 5;
    %pad/u 32;
    %assign/vec4 v000001f92e2ce620_0, 0;
    %jmp T_0.11;
T_0.6 ;
    %load/vec4 v000001f92e2c6c20_0;
    %load/vec4 v000001f92e2c6e60_0;
    %cmp/u;
    %flag_get/vec4 5;
    %pad/u 32;
    %assign/vec4 v000001f92e2ce620_0, 0;
    %jmp T_0.11;
T_0.7 ;
    %load/vec4 v000001f92e2c6c20_0;
    %load/vec4 v000001f92e2c6e60_0;
    %and;
    %assign/vec4 v000001f92e2ce620_0, 0;
    %jmp T_0.11;
T_0.8 ;
    %load/vec4 v000001f92e2c6c20_0;
    %load/vec4 v000001f92e2c6e60_0;
    %or;
    %assign/vec4 v000001f92e2ce620_0, 0;
    %jmp T_0.11;
T_0.9 ;
    %load/vec4 v000001f92e2c6c20_0;
    %load/vec4 v000001f92e2c6e60_0;
    %xor;
    %assign/vec4 v000001f92e2ce620_0, 0;
    %jmp T_0.11;
T_0.11 ;
    %pop/vec4 1;
    %jmp T_0;
    .thread T_0, $push;
    .scope S_000001f92e2ce300;
T_1 ;
    %vpi_call 2 21 "$dumpfile", "tb_alu.vcd" {0 0 0};
    %vpi_call 2 22 "$dumpvars", 32'sb00000000000000000000000000000000, S_000001f92e2ce300 {0 0 0};
    %pushi/vec4 32, 0, 32;
    %store/vec4 v000001f92e2ce6c0_0, 0, 32;
    %pushi/vec4 2, 0, 32;
    %store/vec4 v000001f92e2cbd30_0, 0, 32;
    %pushi/vec4 0, 0, 4;
    %store/vec4 v000001f92e2cbdd0_0, 0, 4;
    %delay 10, 0;
    %pushi/vec4 8, 0, 4;
    %store/vec4 v000001f92e2cbdd0_0, 0, 4;
    %delay 10, 0;
    %pushi/vec4 1, 0, 4;
    %store/vec4 v000001f92e2cbdd0_0, 0, 4;
    %delay 10, 0;
    %pushi/vec4 5, 0, 4;
    %store/vec4 v000001f92e2cbdd0_0, 0, 4;
    %delay 10, 0;
    %pushi/vec4 13, 0, 4;
    %store/vec4 v000001f92e2cbdd0_0, 0, 4;
    %delay 10, 0;
    %pushi/vec4 2, 0, 4;
    %store/vec4 v000001f92e2cbdd0_0, 0, 4;
    %delay 10, 0;
    %pushi/vec4 3, 0, 4;
    %store/vec4 v000001f92e2cbdd0_0, 0, 4;
    %delay 10, 0;
    %pushi/vec4 7, 0, 4;
    %store/vec4 v000001f92e2cbdd0_0, 0, 4;
    %delay 10, 0;
    %pushi/vec4 6, 0, 4;
    %store/vec4 v000001f92e2cbdd0_0, 0, 4;
    %delay 10, 0;
    %pushi/vec4 4, 0, 4;
    %store/vec4 v000001f92e2cbdd0_0, 0, 4;
    %vpi_call 2 65 "$finish" {0 0 0};
    %end;
    .thread T_1;
# The file index is used to find the file name in the following table.
:file_names 4;
    "N/A";
    "<interactive>";
    "testbanch.sv";
    "ALU.sv";
